<?xml version="1.0" encoding="UTF-8"?>
<!-- Generated by org.testng.reporters.JUnitXMLReporter -->
<testsuite ignored="0" hostname="LIN-5CD5329NV0" failures="1" tests="3" name="user" time="26.435" errors="0" timestamp="2025-10-29T16:12:21 IST">
  <testcase classname="io.cucumber.testng.AbstractTestNGCucumberTests" name="runScenario" time="10.112"/>
  <testcase classname="io.cucumber.testng.AbstractTestNGCucumberTests" name="runScenario" time="6.97"/>
  <testcase classname="io.cucumber.testng.AbstractTestNGCucumberTests" name="runScenario" time="7.471">
    <failure type="java.lang.AssertionError" message="expected [true] but found [false]">
      <![CDATA[java.lang.AssertionError: expected [true] but found [false]
at com.gmail.Users.StepDef.logindemo2.its_navigated_to_the_home_page(logindemo2.java:75)
at âœ½.Itas navigated to the home page "Enter your userName and password correct"(file:///C:/Users/vakandi/eclipse-workspace/Hdfc_BDD/./src/test/java/com/gmail/Users/Features/login2.feature:74)
... Removed 4 stack frames]]>
    </failure>
  </testcase> <!-- runScenario -->
</testsuite> <!-- user -->
