<?xml version="1.0" encoding="UTF-8"?>
<!-- Generated by org.testng.reporters.JUnitReportReporter -->
<testsuite hostname="LIN-5CD5329NV0" failures="1" tests="3" name="com.gmail.Runner.TestRunner2" time="24.553" errors="0" timestamp="2025-10-29T16:12:21 IST" skipped="0">
  <testcase classname="com.gmail.Runner.TestRunner2" name="runScenario" time="6.970"/>
  <testcase classname="com.gmail.Runner.TestRunner2" name="runScenario" time="7.471">
    <failure message="expected [true] but found [false]" type="java.lang.AssertionError">
      <![CDATA[java.lang.AssertionError: expected [true] but found [false]
at org.testng.Assert.fail(Assert.java:111)
at org.testng.Assert.failNotEquals(Assert.java:1578)
at org.testng.Assert.assertTrue(Assert.java:57)
at org.testng.Assert.assertTrue(Assert.java:67)
at com.gmail.Users.StepDef.logindemo2.its_navigated_to_the_home_page(logindemo2.java:75)
at âœ½.Itas navigated to the home page "Enter your userName and password correct"(file:///C:/Users/vakandi/eclipse-workspace/Hdfc_BDD/./src/test/java/com/gmail/Users/Features/login2.feature:74)
]]>
    </failure>
  </testcase> <!-- runScenario -->
  <testcase classname="com.gmail.Runner.TestRunner2" name="runScenario" time="10.112"/>
</testsuite> <!-- com.gmail.Runner.TestRunner2 -->
